<?xml version="1.0" encoding="UTF-8"?>
<!-- Generated by org.testng.reporters.JUnitXMLReporter -->
<testsuite ignored="0" hostname="DESKTOP-1QASA0A" failures="0" tests="9" name="Command line test" time="161.231" errors="0" timestamp="2020-05-30T15:52:08 IST">
  <testcase classname="com.MMT.qa.testcases.FlightSummaryPageMMTTest" name="@BeforeTest setUp" time="52.679">
    <failure type="org.openqa.selenium.TimeoutException" message="timeout: Timed out receiving message from renderer: 23.185
  (Session info: chrome=83.0.4103.61)
Build info: version: &amp;apos;3.141.59&amp;apos;, revision: &amp;apos;e82be7d358&amp;apos;, time: &amp;apos;2018-11-14T08:17:03&amp;apos;
System info: host: &amp;apos;DESKTOP-1QASA0A&amp;apos;, ip: &amp;apos;192.168.1.129&amp;apos;, os.name: &amp;apos;Windows 10&amp;apos;, os.arch: &amp;apos;amd64&amp;apos;, os.version: &amp;apos;10.0&amp;apos;, java.version: &amp;apos;14&amp;apos;
Driver info: org.openqa.selenium.chrome.ChromeDriver
Capabilities {acceptInsecureCerts: false, browserName: chrome, browserVersion: 83.0.4103.61, chrome: {chromedriverVersion: 83.0.4103.39 (ccbf011cb2d2b..., userDataDir: C:\WINDOWS\TEMP\scoped_dir9...}, goog:chromeOptions: {debuggerAddress: localhost:61767}, javascriptEnabled: true, networkConnectionEnabled: false, pageLoadStrategy: normal, platform: WINDOWS, platformName: WINDOWS, proxy: Proxy(), setWindowRect: true, strictFileInteractability: false, timeouts: {implicit: 0, pageLoad: 300000, script: 30000}, unhandledPromptBehavior: dismiss and notify, webauthn:virtualAuthenticators: true}
Session ID: 9b2aa6ea306c642a650970585d440d07">
      <![CDATA[org.openqa.selenium.TimeoutException: timeout: Timed out receiving message from renderer: 23.185
  (Session info: chrome=83.0.4103.61)
Build info: version: '3.141.59', revision: 'e82be7d358', time: '2018-11-14T08:17:03'
System info: host: 'DESKTOP-1QASA0A', ip: '192.168.1.129', os.name: 'Windows 10', os.arch: 'amd64', os.version: '10.0', java.version: '14'
Driver info: org.openqa.selenium.chrome.ChromeDriver
Capabilities {acceptInsecureCerts: false, browserName: chrome, browserVersion: 83.0.4103.61, chrome: {chromedriverVersion: 83.0.4103.39 (ccbf011cb2d2b..., userDataDir: C:\WINDOWS\TEMP\scoped_dir9...}, goog:chromeOptions: {debuggerAddress: localhost:61767}, javascriptEnabled: true, networkConnectionEnabled: false, pageLoadStrategy: normal, platform: WINDOWS, platformName: WINDOWS, proxy: Proxy(), setWindowRect: true, strictFileInteractability: false, timeouts: {implicit: 0, pageLoad: 300000, script: 30000}, unhandledPromptBehavior: dismiss and notify, webauthn:virtualAuthenticators: true}
Session ID: 9b2aa6ea306c642a650970585d440d07
at org.openqa.selenium.remote.http.W3CHttpResponseCodec.createException(W3CHttpResponseCodec.java:187)
at org.openqa.selenium.remote.http.W3CHttpResponseCodec.decode(W3CHttpResponseCodec.java:122)
at org.openqa.selenium.remote.http.W3CHttpResponseCodec.decode(W3CHttpResponseCodec.java:49)
at org.openqa.selenium.remote.HttpCommandExecutor.execute(HttpCommandExecutor.java:158)
at org.openqa.selenium.remote.service.DriverCommandExecutor.execute(DriverCommandExecutor.java:83)
at org.openqa.selenium.remote.RemoteWebDriver.execute(RemoteWebDriver.java:552)
at org.openqa.selenium.remote.RemoteWebDriver.get(RemoteWebDriver.java:277)
at com.MMT.qa.base.TestBaseMMT.initialization(TestBaseMMT.java:52)
at com.MMT.qa.testcases.FlightSummaryPageMMTTest.setUp(FlightSummaryPageMMTTest.java:30)
... Removed 39 stack frames]]>
    </failure>
  </testcase> <!-- @BeforeTest setUp -->
  <testcase classname="com.MMT.qa.testcases.FlightsHomePageMMTTest" name="@BeforeTest setUp" time="-1.590834118256E9">
    <skipped/>
  </testcase> <!-- @BeforeTest setUp -->
  <testcase classname="com.MMT.qa.testcases.SearchPageMMTTest" name="@BeforeTest setUp" time="-1.590834118259E9">
    <skipped/>
  </testcase> <!-- @BeforeTest setUp -->
  <testcase classname="com.MMT.qa.testcases.TravellerAddOnPageMMTTest" name="@BeforeTest setUp" time="-1.590834118262E9">
    <skipped/>
  </testcase> <!-- @BeforeTest setUp -->
  <testcase classname="com.MMT.qa.testcases.BookingPageMMTTest" name="@AfterTest tearDown" time="-1.59083412721E9">
    <skipped/>
  </testcase> <!-- @AfterTest tearDown -->
  <testcase classname="com.MMT.qa.testcases.FlightSummaryPageMMTTest" name="@AfterTest tearDown" time="-1.590834127211E9">
    <skipped/>
  </testcase> <!-- @AfterTest tearDown -->
  <testcase classname="com.MMT.qa.testcases.FlightsHomePageMMTTest" name="@AfterTest tearDown" time="-1.590834127212E9">
    <skipped/>
  </testcase> <!-- @AfterTest tearDown -->
  <testcase classname="com.MMT.qa.testcases.SearchPageMMTTest" name="@AfterTest tearDown" time="-1.590834127213E9">
    <skipped/>
  </testcase> <!-- @AfterTest tearDown -->
  <testcase classname="com.MMT.qa.testcases.TravellerAddOnPageMMTTest" name="@AfterTest tearDown" time="-1.590834127213E9">
    <skipped/>
  </testcase> <!-- @AfterTest tearDown -->
  <testcase classname="com.MMT.qa.testcases.FlightsHomePageMMTTest" name="validateCitySelection" time="0.0">
    <skipped/>
  </testcase> <!-- validateCitySelection -->
  <testcase classname="com.MMT.qa.testcases.SearchPageMMTTest" name="validateFareBtnClickTest" time="0.0">
    <skipped/>
  </testcase> <!-- validateFareBtnClickTest -->
  <testcase classname="com.MMT.qa.testcases.SearchPageMMTTest" name="bookBtnClickTest" time="0.0">
    <skipped/>
  </testcase> <!-- bookBtnClickTest -->
  <testcase classname="com.MMT.qa.testcases.BookingPageMMTTest" name="validateBookingPageContinueBtnClick" time="0.0">
    <skipped/>
  </testcase> <!-- validateBookingPageContinueBtnClick -->
  <testcase classname="com.MMT.qa.testcases.FlightsHomePageMMTTest" name="validateDateSelection" time="0.0">
    <skipped/>
  </testcase> <!-- validateDateSelection -->
  <testcase classname="com.MMT.qa.testcases.TravellerAddOnPageMMTTest" name="validatePassengerData" time="0.0">
    <skipped/>
  </testcase> <!-- validatePassengerData -->
  <testcase classname="com.MMT.qa.testcases.TravellerAddOnPageMMTTest" name="validateNextBtnClick" time="0.0">
    <skipped/>
  </testcase> <!-- validateNextBtnClick -->
  <testcase classname="com.MMT.qa.testcases.FlightSummaryPageMMTTest" name="validatePassengerData" time="0.0">
    <skipped/>
  </testcase> <!-- validatePassengerData -->
  <testcase classname="com.MMT.qa.testcases.FlightSummaryPageMMTTest" name="validateContinueBtnClick" time="0.0">
    <skipped/>
  </testcase> <!-- validateContinueBtnClick -->
</testsuite> <!-- Command line test -->
